MPASM  5.51                  HAZIQPROJECT.ASM   4-23-2021  17:52:02         PAGE  1


LOC  OBJECT CODE     LINE SOURCE TEXT
  VALUE

                      00001 #include<p18F4550.inc>
                      00001         LIST
                      00002 
                      00003 ;==========================================================================
                      00004 ;  MPASM PIC18F4550 processor include
                      00005 ; 
                      00006 ;  (c) Copyright 1999-2013 Microchip Technology, All rights reserved
                      00007 ;==========================================================================
                      00008 
                      01764         LIST
                      00002 
  00000000            00003 loop_cnt1       set 0x00
  00000001            00004 loop_cnt2       set 0x01
                      00005                         org 0x00
000000 EF?? F???      00006                         goto START
                      00007                         org 0x08
000008 0010           00008                         retfie
                      00009                         org 0x18
000018 0010           00010                         retfie
                      00011 
                      00012 dup_nop macro kk
                      00013                 variable i
                      00014 
                      00015 i = 0
                      00016                 while i < kk
                      00017                 nop
                      00018 i += 1 
                      00019                 endw
                      00020                 endm
                      00021 
                      00022 
                      00023 ;move led to left
00001A 4283           00024 MoveLEDL        RRNCF PORTD, F, A
00001C 8E83           00025                         BSF PORTD, 7, A
00001E EC?? F???      00026                         CALL DELAY
000022 0012           00027                         RETURN
                      00028 
                      00029 ;move led to right
000024 4683           00030 MoveLEDR        RLNCF PORTD, F, A
000026 8083           00031                         BSF PORTD, 0, A
000028 EC?? F???      00032                         CALL DELAY
00002C 0012           00033                         RETURN
                      00034 
                      00035 ;move led left without SET
00002E 4283           00036 MovLEDL         RRNCF PORTD, F, A
000030 EC?? F???      00037                         CALL DELAY
000034 0012           00038                         RETURN
                      00039 
                      00040 ;move led right without SET
000036 4683           00041 MovLEDR         RLNCF PORTD, F, A
000038 EC?? F???      00042                         CALL DELAY
00003C 0012           00043                         RETURN
                      00044 
MPASM  5.51                  HAZIQPROJECT.ASM   4-23-2021  17:52:02         PAGE  2


LOC  OBJECT CODE     LINE SOURCE TEXT
  VALUE

                      00045 ;CLEAR WHILE RUN L
00003E 9083           00046 CLEDL           BCF PORTD, 0, A
000040 4283           00047                         RRNCF PORTD, F, A
000042 EC?? F???      00048                         CALL DELAY
000046 0012           00049                         RETURN
                      00050 
                      00051 ;CLEAR WHILE RUN R
000048 9E83           00052 CLEDR           BCF PORTD, 7, A
00004A 4683           00053                         RLNCF PORTD, F, A
00004C EC?? F???      00054                         CALL DELAY
000050 0012           00055                         RETURN
                      00056 
000052 EC?? F???      00057 LED_ON1 CALL BUZZER1
000056 EC?? F???      00058                 CALL MoveLEDL   
00005A EC?? F???      00059                 CALL MoveLEDL
00005E EC?? F???      00060                 CALL BUZZER1
000062 EC?? F???      00061                 CALL MovLEDL
000066 EC?? F???      00062                 CALL MovLEDL
00006A EC?? F???      00063                 CALL MovLEDL
00006E EC?? F???      00064                 CALL MovLEDL
000072 EC?? F???      00065                 CALL MovLEDL
000076 EC?? F???      00066                 CALL BUZZER1
00007A EC?? F???      00067                 CALL CLEDL
00007E EC?? F???      00068                 CALL CLEDL
000082 EC?? F???      00069                 CALL BUZZER1
000086 EC?? F???      00070                 CALL MoveLEDR
00008A EC?? F???      00071                 CALL MoveLEDR
00008E EC?? F???      00072                 CALL BUZZER1
000092 EC?? F???      00073                 CALL MovLEDR
000096 EC?? F???      00074                 CALL MovLEDR
00009A EC?? F???      00075                 CALL MovLEDR
00009E EC?? F???      00076                 CALL MovLEDR
0000A2 EC?? F???      00077                 CALL MovLEDR
0000A6 EC?? F???      00078                 CALL BUZZER1
0000AA EC?? F???      00079                 CALL CLEDR
0000AE EC?? F???      00080                 CALL CLEDR
0000B2 B481           00081                 BTFSC PORTB, 2
0000B4 D???           00082                 BRA LED_ON1
0000B6 0012           00083                 RETURN
                      00084 
0000B8 6A95           00085 ONLED   CLRF TRISD,A
0000BA 6A83           00086                 CLRF PORTD,A
0000BC 0EFF           00087                 MOVLW 0xFF
0000BE CFE8 FF83      00088                 MOVFF WREG, PORTD
0000C2 0012           00089                 RETURN
                      00090 
0000C4 6A95           00091 OFFLED  CLRF TRISD, A
0000C6 6A83           00092                 CLRF PORTD,A
0000C8 0012           00093                 RETURN
                      00094 
0000CA EC?? F???      00095 LED_ON2 CALL BUZZER
0000CE EC?? F???      00096                 CALL DELAY
0000D2 EC?? F???      00097                 CALL ONLED
MPASM  5.51                  HAZIQPROJECT.ASM   4-23-2021  17:52:02         PAGE  3


LOC  OBJECT CODE     LINE SOURCE TEXT
  VALUE

0000D6 EC?? F???      00098                 CALL DELAY
0000DA EC?? F???      00099                 CALL OFFLED
0000DE B481           00100                 BTFSC PORTB,2
0000E0 D???           00101                 BRA LED_ON2
0000E2 0012           00102                 RETURN
                      00103 
0000E4 8482           00104 BUZZER  BSF PORTC,2 ,A
0000E6 EC?? F???      00105                 CALL DELAY
0000EA 9482           00106                 BCF PORTC,2, A
0000EC EC?? F???      00107                 CALL DELAY
0000F0 0012           00108                 RETURN
                      00109 
0000F2 8482           00110 BUZZER1 BSF PORTC,2 ,A
0000F4 EC?? F???      00111                 CALL DELAY1
0000F8 9482           00112                 BCF PORTC,2, A
0000FA EC?? F???      00113                 CALL DELAY1     
0000FE 0012           00114                 RETURN
                      00115 
000100 6893           00116 START           SETF TRISB, A
000102 6A95           00117                         CLRF TRISD, A
000104 6A83           00118                         CLRF PORTD, A
000106 9494           00119                         BCF     TRISC,2,A
000108 9482           00120                         BCF     PORTC,2,A
00010A EC?? F???      00121                         CALL DELAY
                      00122 
00010E A081           00123 SW1                     BTFSS PORTB,0
000110 EC?? F???      00124                         CALl  LED_ON1
000114 A281           00125 SW2                     BTFSS PORTB,1
000116 EC?? F???      00126                         CALL LED_ON2
00011A B481           00127 SW3                     BTFSC PORTB,2
00011C EC?? F???      00128                         CALL OFFLED
000120 D???           00129                         BRA     SW1
000122 0000           00130                         NOP
                      00131                         
                      00132 
                      00133 
                      00134 
000124 0E0A           00135 DELAY   MOVLW D'10'
000126 6E01           00136         MOVWF loop_cnt2, A
000128 0EFA           00137 AGAIN1  MOVLW D'250'
00012A 6E00           00138         MOVWF loop_cnt1, A
                      00139 AGAIN2  dup_nop D'247'
  0000                    M                 variable i
                          M 
  00000000                M i = 0
                          M                 while i < D'247'
00012C 0000               M                 nop
  00000001                M i += 1 
00012E 0000               M                 nop
  00000002                M i += 1 
000130 0000               M                 nop
  00000003                M i += 1 
000132 0000               M                 nop
MPASM  5.51                  HAZIQPROJECT.ASM   4-23-2021  17:52:02         PAGE  4


LOC  OBJECT CODE     LINE SOURCE TEXT
  VALUE

  00000004                M i += 1 
000134 0000               M                 nop
  00000005                M i += 1 
000136 0000               M                 nop
  00000006                M i += 1 
000138 0000               M                 nop
  00000007                M i += 1 
00013A 0000               M                 nop
  00000008                M i += 1 
00013C 0000               M                 nop
  00000009                M i += 1 
00013E 0000               M                 nop
  0000000A                M i += 1 
000140 0000               M                 nop
  0000000B                M i += 1 
000142 0000               M                 nop
  0000000C                M i += 1 
000144 0000               M                 nop
  0000000D                M i += 1 
000146 0000               M                 nop
  0000000E                M i += 1 
000148 0000               M                 nop
  0000000F                M i += 1 
00014A 0000               M                 nop
  00000010                M i += 1 
00014C 0000               M                 nop
  00000011                M i += 1 
00014E 0000               M                 nop
  00000012                M i += 1 
000150 0000               M                 nop
  00000013                M i += 1 
000152 0000               M                 nop
  00000014                M i += 1 
000154 0000               M                 nop
  00000015                M i += 1 
000156 0000               M                 nop
  00000016                M i += 1 
000158 0000               M                 nop
  00000017                M i += 1 
00015A 0000               M                 nop
  00000018                M i += 1 
00015C 0000               M                 nop
  00000019                M i += 1 
00015E 0000               M                 nop
  0000001A                M i += 1 
000160 0000               M                 nop
  0000001B                M i += 1 
000162 0000               M                 nop
  0000001C                M i += 1 
000164 0000               M                 nop
  0000001D                M i += 1 
000166 0000               M                 nop
  0000001E                M i += 1 
MPASM  5.51                  HAZIQPROJECT.ASM   4-23-2021  17:52:02         PAGE  5


LOC  OBJECT CODE     LINE SOURCE TEXT
  VALUE

000168 0000               M                 nop
  0000001F                M i += 1 
00016A 0000               M                 nop
  00000020                M i += 1 
00016C 0000               M                 nop
  00000021                M i += 1 
00016E 0000               M                 nop
  00000022                M i += 1 
000170 0000               M                 nop
  00000023                M i += 1 
000172 0000               M                 nop
  00000024                M i += 1 
000174 0000               M                 nop
  00000025                M i += 1 
000176 0000               M                 nop
  00000026                M i += 1 
000178 0000               M                 nop
  00000027                M i += 1 
00017A 0000               M                 nop
  00000028                M i += 1 
00017C 0000               M                 nop
  00000029                M i += 1 
00017E 0000               M                 nop
  0000002A                M i += 1 
000180 0000               M                 nop
  0000002B                M i += 1 
000182 0000               M                 nop
  0000002C                M i += 1 
000184 0000               M                 nop
  0000002D                M i += 1 
000186 0000               M                 nop
  0000002E                M i += 1 
000188 0000               M                 nop
  0000002F                M i += 1 
00018A 0000               M                 nop
  00000030                M i += 1 
00018C 0000               M                 nop
  00000031                M i += 1 
00018E 0000               M                 nop
  00000032                M i += 1 
000190 0000               M                 nop
  00000033                M i += 1 
000192 0000               M                 nop
  00000034                M i += 1 
000194 0000               M                 nop
  00000035                M i += 1 
000196 0000               M                 nop
  00000036                M i += 1 
000198 0000               M                 nop
  00000037                M i += 1 
00019A 0000               M                 nop
  00000038                M i += 1 
00019C 0000               M                 nop
MPASM  5.51                  HAZIQPROJECT.ASM   4-23-2021  17:52:02         PAGE  6


LOC  OBJECT CODE     LINE SOURCE TEXT
  VALUE

  00000039                M i += 1 
00019E 0000               M                 nop
  0000003A                M i += 1 
0001A0 0000               M                 nop
  0000003B                M i += 1 
0001A2 0000               M                 nop
  0000003C                M i += 1 
0001A4 0000               M                 nop
  0000003D                M i += 1 
0001A6 0000               M                 nop
  0000003E                M i += 1 
0001A8 0000               M                 nop
  0000003F                M i += 1 
0001AA 0000               M                 nop
  00000040                M i += 1 
0001AC 0000               M                 nop
  00000041                M i += 1 
0001AE 0000               M                 nop
  00000042                M i += 1 
0001B0 0000               M                 nop
  00000043                M i += 1 
0001B2 0000               M                 nop
  00000044                M i += 1 
0001B4 0000               M                 nop
  00000045                M i += 1 
0001B6 0000               M                 nop
  00000046                M i += 1 
0001B8 0000               M                 nop
  00000047                M i += 1 
0001BA 0000               M                 nop
  00000048                M i += 1 
0001BC 0000               M                 nop
  00000049                M i += 1 
0001BE 0000               M                 nop
  0000004A                M i += 1 
0001C0 0000               M                 nop
  0000004B                M i += 1 
0001C2 0000               M                 nop
  0000004C                M i += 1 
0001C4 0000               M                 nop
  0000004D                M i += 1 
0001C6 0000               M                 nop
  0000004E                M i += 1 
0001C8 0000               M                 nop
  0000004F                M i += 1 
0001CA 0000               M                 nop
  00000050                M i += 1 
0001CC 0000               M                 nop
  00000051                M i += 1 
0001CE 0000               M                 nop
  00000052                M i += 1 
0001D0 0000               M                 nop
  00000053                M i += 1 
MPASM  5.51                  HAZIQPROJECT.ASM   4-23-2021  17:52:02         PAGE  7


LOC  OBJECT CODE     LINE SOURCE TEXT
  VALUE

0001D2 0000               M                 nop
  00000054                M i += 1 
0001D4 0000               M                 nop
  00000055                M i += 1 
0001D6 0000               M                 nop
  00000056                M i += 1 
0001D8 0000               M                 nop
  00000057                M i += 1 
0001DA 0000               M                 nop
  00000058                M i += 1 
0001DC 0000               M                 nop
  00000059                M i += 1 
0001DE 0000               M                 nop
  0000005A                M i += 1 
0001E0 0000               M                 nop
  0000005B                M i += 1 
0001E2 0000               M                 nop
  0000005C                M i += 1 
0001E4 0000               M                 nop
  0000005D                M i += 1 
0001E6 0000               M                 nop
  0000005E                M i += 1 
0001E8 0000               M                 nop
  0000005F                M i += 1 
0001EA 0000               M                 nop
  00000060                M i += 1 
0001EC 0000               M                 nop
  00000061                M i += 1 
0001EE 0000               M                 nop
  00000062                M i += 1 
0001F0 0000               M                 nop
  00000063                M i += 1 
0001F2 0000               M                 nop
  00000064                M i += 1 
0001F4 0000               M                 nop
  00000065                M i += 1 
0001F6 0000               M                 nop
  00000066                M i += 1 
0001F8 0000               M                 nop
  00000067                M i += 1 
0001FA 0000               M                 nop
  00000068                M i += 1 
0001FC 0000               M                 nop
  00000069                M i += 1 
0001FE 0000               M                 nop
  0000006A                M i += 1 
000200 0000               M                 nop
  0000006B                M i += 1 
000202 0000               M                 nop
  0000006C                M i += 1 
000204 0000               M                 nop
  0000006D                M i += 1 
000206 0000               M                 nop
MPASM  5.51                  HAZIQPROJECT.ASM   4-23-2021  17:52:02         PAGE  8


LOC  OBJECT CODE     LINE SOURCE TEXT
  VALUE

  0000006E                M i += 1 
000208 0000               M                 nop
  0000006F                M i += 1 
00020A 0000               M                 nop
  00000070                M i += 1 
00020C 0000               M                 nop
  00000071                M i += 1 
00020E 0000               M                 nop
  00000072                M i += 1 
000210 0000               M                 nop
  00000073                M i += 1 
000212 0000               M                 nop
  00000074                M i += 1 
000214 0000               M                 nop
  00000075                M i += 1 
000216 0000               M                 nop
  00000076                M i += 1 
000218 0000               M                 nop
  00000077                M i += 1 
00021A 0000               M                 nop
  00000078                M i += 1 
00021C 0000               M                 nop
  00000079                M i += 1 
00021E 0000               M                 nop
  0000007A                M i += 1 
000220 0000               M                 nop
  0000007B                M i += 1 
000222 0000               M                 nop
  0000007C                M i += 1 
000224 0000               M                 nop
  0000007D                M i += 1 
000226 0000               M                 nop
  0000007E                M i += 1 
000228 0000               M                 nop
  0000007F                M i += 1 
00022A 0000               M                 nop
  00000080                M i += 1 
00022C 0000               M                 nop
  00000081                M i += 1 
00022E 0000               M                 nop
  00000082                M i += 1 
000230 0000               M                 nop
  00000083                M i += 1 
000232 0000               M                 nop
  00000084                M i += 1 
000234 0000               M                 nop
  00000085                M i += 1 
000236 0000               M                 nop
  00000086                M i += 1 
000238 0000               M                 nop
  00000087                M i += 1 
00023A 0000               M                 nop
  00000088                M i += 1 
MPASM  5.51                  HAZIQPROJECT.ASM   4-23-2021  17:52:02         PAGE  9


LOC  OBJECT CODE     LINE SOURCE TEXT
  VALUE

00023C 0000               M                 nop
  00000089                M i += 1 
00023E 0000               M                 nop
  0000008A                M i += 1 
000240 0000               M                 nop
  0000008B                M i += 1 
000242 0000               M                 nop
  0000008C                M i += 1 
000244 0000               M                 nop
  0000008D                M i += 1 
000246 0000               M                 nop
  0000008E                M i += 1 
000248 0000               M                 nop
  0000008F                M i += 1 
00024A 0000               M                 nop
  00000090                M i += 1 
00024C 0000               M                 nop
  00000091                M i += 1 
00024E 0000               M                 nop
  00000092                M i += 1 
000250 0000               M                 nop
  00000093                M i += 1 
000252 0000               M                 nop
  00000094                M i += 1 
000254 0000               M                 nop
  00000095                M i += 1 
000256 0000               M                 nop
  00000096                M i += 1 
000258 0000               M                 nop
  00000097                M i += 1 
00025A 0000               M                 nop
  00000098                M i += 1 
00025C 0000               M                 nop
  00000099                M i += 1 
00025E 0000               M                 nop
  0000009A                M i += 1 
000260 0000               M                 nop
  0000009B                M i += 1 
000262 0000               M                 nop
  0000009C                M i += 1 
000264 0000               M                 nop
  0000009D                M i += 1 
000266 0000               M                 nop
  0000009E                M i += 1 
000268 0000               M                 nop
  0000009F                M i += 1 
00026A 0000               M                 nop
  000000A0                M i += 1 
00026C 0000               M                 nop
  000000A1                M i += 1 
00026E 0000               M                 nop
  000000A2                M i += 1 
000270 0000               M                 nop
MPASM  5.51                  HAZIQPROJECT.ASM   4-23-2021  17:52:02         PAGE 10


LOC  OBJECT CODE     LINE SOURCE TEXT
  VALUE

  000000A3                M i += 1 
000272 0000               M                 nop
  000000A4                M i += 1 
000274 0000               M                 nop
  000000A5                M i += 1 
000276 0000               M                 nop
  000000A6                M i += 1 
000278 0000               M                 nop
  000000A7                M i += 1 
00027A 0000               M                 nop
  000000A8                M i += 1 
00027C 0000               M                 nop
  000000A9                M i += 1 
00027E 0000               M                 nop
  000000AA                M i += 1 
000280 0000               M                 nop
  000000AB                M i += 1 
000282 0000               M                 nop
  000000AC                M i += 1 
000284 0000               M                 nop
  000000AD                M i += 1 
000286 0000               M                 nop
  000000AE                M i += 1 
000288 0000               M                 nop
  000000AF                M i += 1 
00028A 0000               M                 nop
  000000B0                M i += 1 
00028C 0000               M                 nop
  000000B1                M i += 1 
00028E 0000               M                 nop
  000000B2                M i += 1 
000290 0000               M                 nop
  000000B3                M i += 1 
000292 0000               M                 nop
  000000B4                M i += 1 
000294 0000               M                 nop
  000000B5                M i += 1 
000296 0000               M                 nop
  000000B6                M i += 1 
000298 0000               M                 nop
  000000B7                M i += 1 
00029A 0000               M                 nop
  000000B8                M i += 1 
00029C 0000               M                 nop
  000000B9                M i += 1 
00029E 0000               M                 nop
  000000BA                M i += 1 
0002A0 0000               M                 nop
  000000BB                M i += 1 
0002A2 0000               M                 nop
  000000BC                M i += 1 
0002A4 0000               M                 nop
  000000BD                M i += 1 
MPASM  5.51                  HAZIQPROJECT.ASM   4-23-2021  17:52:02         PAGE 11


LOC  OBJECT CODE     LINE SOURCE TEXT
  VALUE

0002A6 0000               M                 nop
  000000BE                M i += 1 
0002A8 0000               M                 nop
  000000BF                M i += 1 
0002AA 0000               M                 nop
  000000C0                M i += 1 
0002AC 0000               M                 nop
  000000C1                M i += 1 
0002AE 0000               M                 nop
  000000C2                M i += 1 
0002B0 0000               M                 nop
  000000C3                M i += 1 
0002B2 0000               M                 nop
  000000C4                M i += 1 
0002B4 0000               M                 nop
  000000C5                M i += 1 
0002B6 0000               M                 nop
  000000C6                M i += 1 
0002B8 0000               M                 nop
  000000C7                M i += 1 
0002BA 0000               M                 nop
  000000C8                M i += 1 
0002BC 0000               M                 nop
  000000C9                M i += 1 
0002BE 0000               M                 nop
  000000CA                M i += 1 
0002C0 0000               M                 nop
  000000CB                M i += 1 
0002C2 0000               M                 nop
  000000CC                M i += 1 
0002C4 0000               M                 nop
  000000CD                M i += 1 
0002C6 0000               M                 nop
  000000CE                M i += 1 
0002C8 0000               M                 nop
  000000CF                M i += 1 
0002CA 0000               M                 nop
  000000D0                M i += 1 
0002CC 0000               M                 nop
  000000D1                M i += 1 
0002CE 0000               M                 nop
  000000D2                M i += 1 
0002D0 0000               M                 nop
  000000D3                M i += 1 
0002D2 0000               M                 nop
  000000D4                M i += 1 
0002D4 0000               M                 nop
  000000D5                M i += 1 
0002D6 0000               M                 nop
  000000D6                M i += 1 
0002D8 0000               M                 nop
  000000D7                M i += 1 
0002DA 0000               M                 nop
MPASM  5.51                  HAZIQPROJECT.ASM   4-23-2021  17:52:02         PAGE 12


LOC  OBJECT CODE     LINE SOURCE TEXT
  VALUE

  000000D8                M i += 1 
0002DC 0000               M                 nop
  000000D9                M i += 1 
0002DE 0000               M                 nop
  000000DA                M i += 1 
0002E0 0000               M                 nop
  000000DB                M i += 1 
0002E2 0000               M                 nop
  000000DC                M i += 1 
0002E4 0000               M                 nop
  000000DD                M i += 1 
0002E6 0000               M                 nop
  000000DE                M i += 1 
0002E8 0000               M                 nop
  000000DF                M i += 1 
0002EA 0000               M                 nop
  000000E0                M i += 1 
0002EC 0000               M                 nop
  000000E1                M i += 1 
0002EE 0000               M                 nop
  000000E2                M i += 1 
0002F0 0000               M                 nop
  000000E3                M i += 1 
0002F2 0000               M                 nop
  000000E4                M i += 1 
0002F4 0000               M                 nop
  000000E5                M i += 1 
0002F6 0000               M                 nop
  000000E6                M i += 1 
0002F8 0000               M                 nop
  000000E7                M i += 1 
0002FA 0000               M                 nop
  000000E8                M i += 1 
0002FC 0000               M                 nop
  000000E9                M i += 1 
0002FE 0000               M                 nop
  000000EA                M i += 1 
000300 0000               M                 nop
  000000EB                M i += 1 
000302 0000               M                 nop
  000000EC                M i += 1 
000304 0000               M                 nop
  000000ED                M i += 1 
000306 0000               M                 nop
  000000EE                M i += 1 
000308 0000               M                 nop
  000000EF                M i += 1 
00030A 0000               M                 nop
  000000F0                M i += 1 
00030C 0000               M                 nop
  000000F1                M i += 1 
00030E 0000               M                 nop
  000000F2                M i += 1 
MPASM  5.51                  HAZIQPROJECT.ASM   4-23-2021  17:52:02         PAGE 13


LOC  OBJECT CODE     LINE SOURCE TEXT
  VALUE

000310 0000               M                 nop
  000000F3                M i += 1 
000312 0000               M                 nop
  000000F4                M i += 1 
000314 0000               M                 nop
  000000F5                M i += 1 
000316 0000               M                 nop
  000000F6                M i += 1 
000318 0000               M                 nop
  000000F7                M i += 1 
                          M                 endw
00031A 2E00           00140         DECFSZ loop_cnt1, F, A
00031C D???           00141         BRA AGAIN2
00031E 2E01           00142         DECFSZ loop_cnt2, F, A
000320 D???           00143         BRA AGAIN1
000322 0000           00144         NOP
000324 0012           00145         RETURN
                      00146 
000326 0E01           00147 DELAY1  MOVLW D'1'
000328 6E01           00148         MOVWF loop_cnt2, A
00032A 0EFA           00149 AGAIN3  MOVLW D'250'
00032C 6E00           00150         MOVWF loop_cnt1, A
                      00151 AGAIN4  dup_nop D'247'
  0000                    M                 variable i
                          M 
  00000000                M i = 0
                          M                 while i < D'247'
00032E 0000               M                 nop
  00000001                M i += 1 
000330 0000               M                 nop
  00000002                M i += 1 
000332 0000               M                 nop
  00000003                M i += 1 
000334 0000               M                 nop
  00000004                M i += 1 
000336 0000               M                 nop
  00000005                M i += 1 
000338 0000               M                 nop
  00000006                M i += 1 
00033A 0000               M                 nop
  00000007                M i += 1 
00033C 0000               M                 nop
  00000008                M i += 1 
00033E 0000               M                 nop
  00000009                M i += 1 
000340 0000               M                 nop
  0000000A                M i += 1 
000342 0000               M                 nop
  0000000B                M i += 1 
000344 0000               M                 nop
  0000000C                M i += 1 
000346 0000               M                 nop
  0000000D                M i += 1 
MPASM  5.51                  HAZIQPROJECT.ASM   4-23-2021  17:52:02         PAGE 14


LOC  OBJECT CODE     LINE SOURCE TEXT
  VALUE

000348 0000               M                 nop
  0000000E                M i += 1 
00034A 0000               M                 nop
  0000000F                M i += 1 
00034C 0000               M                 nop
  00000010                M i += 1 
00034E 0000               M                 nop
  00000011                M i += 1 
000350 0000               M                 nop
  00000012                M i += 1 
000352 0000               M                 nop
  00000013                M i += 1 
000354 0000               M                 nop
  00000014                M i += 1 
000356 0000               M                 nop
  00000015                M i += 1 
000358 0000               M                 nop
  00000016                M i += 1 
00035A 0000               M                 nop
  00000017                M i += 1 
00035C 0000               M                 nop
  00000018                M i += 1 
00035E 0000               M                 nop
  00000019                M i += 1 
000360 0000               M                 nop
  0000001A                M i += 1 
000362 0000               M                 nop
  0000001B                M i += 1 
000364 0000               M                 nop
  0000001C                M i += 1 
000366 0000               M                 nop
  0000001D                M i += 1 
000368 0000               M                 nop
  0000001E                M i += 1 
00036A 0000               M                 nop
  0000001F                M i += 1 
00036C 0000               M                 nop
  00000020                M i += 1 
00036E 0000               M                 nop
  00000021                M i += 1 
000370 0000               M                 nop
  00000022                M i += 1 
000372 0000               M                 nop
  00000023                M i += 1 
000374 0000               M                 nop
  00000024                M i += 1 
000376 0000               M                 nop
  00000025                M i += 1 
000378 0000               M                 nop
  00000026                M i += 1 
00037A 0000               M                 nop
  00000027                M i += 1 
00037C 0000               M                 nop
MPASM  5.51                  HAZIQPROJECT.ASM   4-23-2021  17:52:02         PAGE 15


LOC  OBJECT CODE     LINE SOURCE TEXT
  VALUE

  00000028                M i += 1 
00037E 0000               M                 nop
  00000029                M i += 1 
000380 0000               M                 nop
  0000002A                M i += 1 
000382 0000               M                 nop
  0000002B                M i += 1 
000384 0000               M                 nop
  0000002C                M i += 1 
000386 0000               M                 nop
  0000002D                M i += 1 
000388 0000               M                 nop
  0000002E                M i += 1 
00038A 0000               M                 nop
  0000002F                M i += 1 
00038C 0000               M                 nop
  00000030                M i += 1 
00038E 0000               M                 nop
  00000031                M i += 1 
000390 0000               M                 nop
  00000032                M i += 1 
000392 0000               M                 nop
  00000033                M i += 1 
000394 0000               M                 nop
  00000034                M i += 1 
000396 0000               M                 nop
  00000035                M i += 1 
000398 0000               M                 nop
  00000036                M i += 1 
00039A 0000               M                 nop
  00000037                M i += 1 
00039C 0000               M                 nop
  00000038                M i += 1 
00039E 0000               M                 nop
  00000039                M i += 1 
0003A0 0000               M                 nop
  0000003A                M i += 1 
0003A2 0000               M                 nop
  0000003B                M i += 1 
0003A4 0000               M                 nop
  0000003C                M i += 1 
0003A6 0000               M                 nop
  0000003D                M i += 1 
0003A8 0000               M                 nop
  0000003E                M i += 1 
0003AA 0000               M                 nop
  0000003F                M i += 1 
0003AC 0000               M                 nop
  00000040                M i += 1 
0003AE 0000               M                 nop
  00000041                M i += 1 
0003B0 0000               M                 nop
  00000042                M i += 1 
MPASM  5.51                  HAZIQPROJECT.ASM   4-23-2021  17:52:02         PAGE 16


LOC  OBJECT CODE     LINE SOURCE TEXT
  VALUE

0003B2 0000               M                 nop
  00000043                M i += 1 
0003B4 0000               M                 nop
  00000044                M i += 1 
0003B6 0000               M                 nop
  00000045                M i += 1 
0003B8 0000               M                 nop
  00000046                M i += 1 
0003BA 0000               M                 nop
  00000047                M i += 1 
0003BC 0000               M                 nop
  00000048                M i += 1 
0003BE 0000               M                 nop
  00000049                M i += 1 
0003C0 0000               M                 nop
  0000004A                M i += 1 
0003C2 0000               M                 nop
  0000004B                M i += 1 
0003C4 0000               M                 nop
  0000004C                M i += 1 
0003C6 0000               M                 nop
  0000004D                M i += 1 
0003C8 0000               M                 nop
  0000004E                M i += 1 
0003CA 0000               M                 nop
  0000004F                M i += 1 
0003CC 0000               M                 nop
  00000050                M i += 1 
0003CE 0000               M                 nop
  00000051                M i += 1 
0003D0 0000               M                 nop
  00000052                M i += 1 
0003D2 0000               M                 nop
  00000053                M i += 1 
0003D4 0000               M                 nop
  00000054                M i += 1 
0003D6 0000               M                 nop
  00000055                M i += 1 
0003D8 0000               M                 nop
  00000056                M i += 1 
0003DA 0000               M                 nop
  00000057                M i += 1 
0003DC 0000               M                 nop
  00000058                M i += 1 
0003DE 0000               M                 nop
  00000059                M i += 1 
0003E0 0000               M                 nop
  0000005A                M i += 1 
0003E2 0000               M                 nop
  0000005B                M i += 1 
0003E4 0000               M                 nop
  0000005C                M i += 1 
0003E6 0000               M                 nop
MPASM  5.51                  HAZIQPROJECT.ASM   4-23-2021  17:52:02         PAGE 17


LOC  OBJECT CODE     LINE SOURCE TEXT
  VALUE

  0000005D                M i += 1 
0003E8 0000               M                 nop
  0000005E                M i += 1 
0003EA 0000               M                 nop
  0000005F                M i += 1 
0003EC 0000               M                 nop
  00000060                M i += 1 
0003EE 0000               M                 nop
  00000061                M i += 1 
0003F0 0000               M                 nop
  00000062                M i += 1 
0003F2 0000               M                 nop
  00000063                M i += 1 
0003F4 0000               M                 nop
  00000064                M i += 1 
0003F6 0000               M                 nop
  00000065                M i += 1 
0003F8 0000               M                 nop
  00000066                M i += 1 
0003FA 0000               M                 nop
  00000067                M i += 1 
0003FC 0000               M                 nop
  00000068                M i += 1 
0003FE 0000               M                 nop
  00000069                M i += 1 
000400 0000               M                 nop
  0000006A                M i += 1 
000402 0000               M                 nop
  0000006B                M i += 1 
000404 0000               M                 nop
  0000006C                M i += 1 
000406 0000               M                 nop
  0000006D                M i += 1 
000408 0000               M                 nop
  0000006E                M i += 1 
00040A 0000               M                 nop
  0000006F                M i += 1 
00040C 0000               M                 nop
  00000070                M i += 1 
00040E 0000               M                 nop
  00000071                M i += 1 
000410 0000               M                 nop
  00000072                M i += 1 
000412 0000               M                 nop
  00000073                M i += 1 
000414 0000               M                 nop
  00000074                M i += 1 
000416 0000               M                 nop
  00000075                M i += 1 
000418 0000               M                 nop
  00000076                M i += 1 
00041A 0000               M                 nop
  00000077                M i += 1 
MPASM  5.51                  HAZIQPROJECT.ASM   4-23-2021  17:52:02         PAGE 18


LOC  OBJECT CODE     LINE SOURCE TEXT
  VALUE

00041C 0000               M                 nop
  00000078                M i += 1 
00041E 0000               M                 nop
  00000079                M i += 1 
000420 0000               M                 nop
  0000007A                M i += 1 
000422 0000               M                 nop
  0000007B                M i += 1 
000424 0000               M                 nop
  0000007C                M i += 1 
000426 0000               M                 nop
  0000007D                M i += 1 
000428 0000               M                 nop
  0000007E                M i += 1 
00042A 0000               M                 nop
  0000007F                M i += 1 
00042C 0000               M                 nop
  00000080                M i += 1 
00042E 0000               M                 nop
  00000081                M i += 1 
000430 0000               M                 nop
  00000082                M i += 1 
000432 0000               M                 nop
  00000083                M i += 1 
000434 0000               M                 nop
  00000084                M i += 1 
000436 0000               M                 nop
  00000085                M i += 1 
000438 0000               M                 nop
  00000086                M i += 1 
00043A 0000               M                 nop
  00000087                M i += 1 
00043C 0000               M                 nop
  00000088                M i += 1 
00043E 0000               M                 nop
  00000089                M i += 1 
000440 0000               M                 nop
  0000008A                M i += 1 
000442 0000               M                 nop
  0000008B                M i += 1 
000444 0000               M                 nop
  0000008C                M i += 1 
000446 0000               M                 nop
  0000008D                M i += 1 
000448 0000               M                 nop
  0000008E                M i += 1 
00044A 0000               M                 nop
  0000008F                M i += 1 
00044C 0000               M                 nop
  00000090                M i += 1 
00044E 0000               M                 nop
  00000091                M i += 1 
000450 0000               M                 nop
MPASM  5.51                  HAZIQPROJECT.ASM   4-23-2021  17:52:02         PAGE 19


LOC  OBJECT CODE     LINE SOURCE TEXT
  VALUE

  00000092                M i += 1 
000452 0000               M                 nop
  00000093                M i += 1 
000454 0000               M                 nop
  00000094                M i += 1 
000456 0000               M                 nop
  00000095                M i += 1 
000458 0000               M                 nop
  00000096                M i += 1 
00045A 0000               M                 nop
  00000097                M i += 1 
00045C 0000               M                 nop
  00000098                M i += 1 
00045E 0000               M                 nop
  00000099                M i += 1 
000460 0000               M                 nop
  0000009A                M i += 1 
000462 0000               M                 nop
  0000009B                M i += 1 
000464 0000               M                 nop
  0000009C                M i += 1 
000466 0000               M                 nop
  0000009D                M i += 1 
000468 0000               M                 nop
  0000009E                M i += 1 
00046A 0000               M                 nop
  0000009F                M i += 1 
00046C 0000               M                 nop
  000000A0                M i += 1 
00046E 0000               M                 nop
  000000A1                M i += 1 
000470 0000               M                 nop
  000000A2                M i += 1 
000472 0000               M                 nop
  000000A3                M i += 1 
000474 0000               M                 nop
  000000A4                M i += 1 
000476 0000               M                 nop
  000000A5                M i += 1 
000478 0000               M                 nop
  000000A6                M i += 1 
00047A 0000               M                 nop
  000000A7                M i += 1 
00047C 0000               M                 nop
  000000A8                M i += 1 
00047E 0000               M                 nop
  000000A9                M i += 1 
000480 0000               M                 nop
  000000AA                M i += 1 
000482 0000               M                 nop
  000000AB                M i += 1 
000484 0000               M                 nop
  000000AC                M i += 1 
MPASM  5.51                  HAZIQPROJECT.ASM   4-23-2021  17:52:02         PAGE 20


LOC  OBJECT CODE     LINE SOURCE TEXT
  VALUE

000486 0000               M                 nop
  000000AD                M i += 1 
000488 0000               M                 nop
  000000AE                M i += 1 
00048A 0000               M                 nop
  000000AF                M i += 1 
00048C 0000               M                 nop
  000000B0                M i += 1 
00048E 0000               M                 nop
  000000B1                M i += 1 
000490 0000               M                 nop
  000000B2                M i += 1 
000492 0000               M                 nop
  000000B3                M i += 1 
000494 0000               M                 nop
  000000B4                M i += 1 
000496 0000               M                 nop
  000000B5                M i += 1 
000498 0000               M                 nop
  000000B6                M i += 1 
00049A 0000               M                 nop
  000000B7                M i += 1 
00049C 0000               M                 nop
  000000B8                M i += 1 
00049E 0000               M                 nop
  000000B9                M i += 1 
0004A0 0000               M                 nop
  000000BA                M i += 1 
0004A2 0000               M                 nop
  000000BB                M i += 1 
0004A4 0000               M                 nop
  000000BC                M i += 1 
0004A6 0000               M                 nop
  000000BD                M i += 1 
0004A8 0000               M                 nop
  000000BE                M i += 1 
0004AA 0000               M                 nop
  000000BF                M i += 1 
0004AC 0000               M                 nop
  000000C0                M i += 1 
0004AE 0000               M                 nop
  000000C1                M i += 1 
0004B0 0000               M                 nop
  000000C2                M i += 1 
0004B2 0000               M                 nop
  000000C3                M i += 1 
0004B4 0000               M                 nop
  000000C4                M i += 1 
0004B6 0000               M                 nop
  000000C5                M i += 1 
0004B8 0000               M                 nop
  000000C6                M i += 1 
0004BA 0000               M                 nop
MPASM  5.51                  HAZIQPROJECT.ASM   4-23-2021  17:52:02         PAGE 21


LOC  OBJECT CODE     LINE SOURCE TEXT
  VALUE

  000000C7                M i += 1 
0004BC 0000               M                 nop
  000000C8                M i += 1 
0004BE 0000               M                 nop
  000000C9                M i += 1 
0004C0 0000               M                 nop
  000000CA                M i += 1 
0004C2 0000               M                 nop
  000000CB                M i += 1 
0004C4 0000               M                 nop
  000000CC                M i += 1 
0004C6 0000               M                 nop
  000000CD                M i += 1 
0004C8 0000               M                 nop
  000000CE                M i += 1 
0004CA 0000               M                 nop
  000000CF                M i += 1 
0004CC 0000               M                 nop
  000000D0                M i += 1 
0004CE 0000               M                 nop
  000000D1                M i += 1 
0004D0 0000               M                 nop
  000000D2                M i += 1 
0004D2 0000               M                 nop
  000000D3                M i += 1 
0004D4 0000               M                 nop
  000000D4                M i += 1 
0004D6 0000               M                 nop
  000000D5                M i += 1 
0004D8 0000               M                 nop
  000000D6                M i += 1 
0004DA 0000               M                 nop
  000000D7                M i += 1 
0004DC 0000               M                 nop
  000000D8                M i += 1 
0004DE 0000               M                 nop
  000000D9                M i += 1 
0004E0 0000               M                 nop
  000000DA                M i += 1 
0004E2 0000               M                 nop
  000000DB                M i += 1 
0004E4 0000               M                 nop
  000000DC                M i += 1 
0004E6 0000               M                 nop
  000000DD                M i += 1 
0004E8 0000               M                 nop
  000000DE                M i += 1 
0004EA 0000               M                 nop
  000000DF                M i += 1 
0004EC 0000               M                 nop
  000000E0                M i += 1 
0004EE 0000               M                 nop
  000000E1                M i += 1 
MPASM  5.51                  HAZIQPROJECT.ASM   4-23-2021  17:52:02         PAGE 22


LOC  OBJECT CODE     LINE SOURCE TEXT
  VALUE

0004F0 0000               M                 nop
  000000E2                M i += 1 
0004F2 0000               M                 nop
  000000E3                M i += 1 
0004F4 0000               M                 nop
  000000E4                M i += 1 
0004F6 0000               M                 nop
  000000E5                M i += 1 
0004F8 0000               M                 nop
  000000E6                M i += 1 
0004FA 0000               M                 nop
  000000E7                M i += 1 
0004FC 0000               M                 nop
  000000E8                M i += 1 
0004FE 0000               M                 nop
  000000E9                M i += 1 
000500 0000               M                 nop
  000000EA                M i += 1 
000502 0000               M                 nop
  000000EB                M i += 1 
000504 0000               M                 nop
  000000EC                M i += 1 
000506 0000               M                 nop
  000000ED                M i += 1 
000508 0000               M                 nop
  000000EE                M i += 1 
00050A 0000               M                 nop
  000000EF                M i += 1 
00050C 0000               M                 nop
  000000F0                M i += 1 
00050E 0000               M                 nop
  000000F1                M i += 1 
000510 0000               M                 nop
  000000F2                M i += 1 
000512 0000               M                 nop
  000000F3                M i += 1 
000514 0000               M                 nop
  000000F4                M i += 1 
000516 0000               M                 nop
  000000F5                M i += 1 
000518 0000               M                 nop
  000000F6                M i += 1 
00051A 0000               M                 nop
  000000F7                M i += 1 
                          M                 endw
00051C 2E00           00152         DECFSZ loop_cnt1, F, A
00051E D???           00153         BRA AGAIN4
000520 2E01           00154         DECFSZ loop_cnt2, F, A
000522 D???           00155         BRA AGAIN3
000524 0000           00156         NOP
000526 0012           00157         RETURN
                      00158         END
MPASM  5.51                  HAZIQPROJECT.ASM   4-23-2021  17:52:02         PAGE 23


SYMBOL TABLE
  LABEL                             VALUE 

A                                 00000000
ABDEN                             00000000
ABDOVF                            00000007
ACCESS                            00000000
ACKDT                             00000005
ACKEN                             00000004
ACKSTAT                           00000006
ACQT0                             00000003
ACQT1                             00000004
ACQT2                             00000005
ACTVIE                            00000002
ACTVIF                            00000002
ADCON0                            00000FC2
ADCON1                            00000FC1
ADCON2                            00000FC0
ADCS0                             00000000
ADCS1                             00000001
ADCS2                             00000002
ADDEN                             00000003
ADDR0                             00000000
ADDR1                             00000001
ADDR2                             00000002
ADDR3                             00000003
ADDR4                             00000004
ADDR5                             00000005
ADDR6                             00000006
ADEN                              00000003
ADFM                              00000007
ADIE                              00000006
ADIF                              00000006
ADIP                              00000006
ADON                              00000000
ADRES                             00000FC3
ADRESH                            00000FC4
ADRESL                            00000FC3
AGAIN1                            00000128
AGAIN2                            0000012C
AGAIN3                            0000032A
AGAIN4                            0000032E
AN0                               00000000
AN1                               00000001
AN2                               00000002
AN3                               00000003
AN4                               00000005
BANKED                            00000001
BAUDCON                           00000FB8
BAUDCTL                           00000FB8
BCLIE                             00000003
BCLIF                             00000003
BCLIP                             00000003
BF                                00000000
BGST                              00000005
BOR                               00000000
MPASM  5.51                  HAZIQPROJECT.ASM   4-23-2021  17:52:02         PAGE 24


SYMBOL TABLE
  LABEL                             VALUE 

BRG16                             00000003
BRGH                              00000002
BSR                               00000FE0
BTOEE                             00000004
BTOEF                             00000004
BTSEE                             00000007
BTSEF                             00000007
BUZZER                            000000E4
BUZZER1                           000000F2
C                                 00000000
C1INV                             00000004
C1OUT                             00000006
C2INV                             00000005
C2OUT                             00000007
CCP1                              00000002
CCP1AS                            00000FB6
CCP1CON                           00000FBD
CCP1DEL                           00000FB7
CCP1IE                            00000002
CCP1IF                            00000002
CCP1IP                            00000002
CCP1M0                            00000000
CCP1M1                            00000001
CCP1M2                            00000002
CCP1M3                            00000003
CCP2CON                           00000FBA
CCP2IE                            00000000
CCP2IF                            00000000
CCP2IP                            00000000
CCP2M0                            00000000
CCP2M1                            00000001
CCP2M2                            00000002
CCP2M3                            00000003
CCPR1                             00000FBE
CCPR1H                            00000FBF
CCPR1L                            00000FBE
CCPR2                             00000FBB
CCPR2H                            00000FBC
CCPR2L                            00000FBB
CFGS                              00000006
CHS0                              00000002
CHS1                              00000003
CHS2                              00000004
CHS3                              00000005
CIS                               00000003
CK                                00000006
CK1SPP                            00000000
CK2SPP                            00000001
CKE                               00000006
CKP                               00000004
CLEDL                             0000003E
CLEDR                             00000048
CLK1EN                            00000004
MPASM  5.51                  HAZIQPROJECT.ASM   4-23-2021  17:52:02         PAGE 25


SYMBOL TABLE
  LABEL                             VALUE 

CLKCFG0                           00000006
CLKCFG1                           00000007
CM0                               00000000
CM1                               00000001
CM2                               00000002
CMCON                             00000FB4
CMIE                              00000006
CMIF                              00000006
CMIP                              00000006
CRC16EE                           00000002
CRC16EF                           00000002
CRC5EE                            00000001
CRC5EF                            00000001
CREN                              00000004
CSEN                              00000005
CSRC                              00000007
CVR0                              00000000
CVR1                              00000001
CVR2                              00000002
CVR3                              00000003
CVRCON                            00000FB5
CVREF                             00000004
CVREN                             00000007
CVROE                             00000006
CVRR                              00000005
CVRSS                             00000004
D                                 00000005
DATA_ADDRESS                      00000005
DC                                00000001
DC1B0                             00000004
DC1B1                             00000005
DC2B0                             00000004
DC2B1                             00000005
DDRA                              TRISA
DDRB                              TRISB
DDRC                              TRISC
DDRD                              TRISD
DDRE                              TRISE
DELAY                             00000124
DELAY1                            00000326
DFN8EE                            00000003
DFN8EF                            00000003
DIR                               00000002
DONE                              00000001
D_A                               00000005
D_NOT_A                           00000005
ECCP1AS                           00000FB6
ECCP1CON                          00000FBD
ECCP1DEL                          00000FB7
ECCPAS0                           00000004
ECCPAS1                           00000005
ECCPAS2                           00000006
ECCPASE                           00000007
MPASM  5.51                  HAZIQPROJECT.ASM   4-23-2021  17:52:02         PAGE 26


SYMBOL TABLE
  LABEL                             VALUE 

EEADR                             00000FA9
EECON1                            00000FA6
EECON2                            00000FA7
EEDATA                            00000FA8
EEIE                              00000004
EEIF                              00000004
EEIP                              00000004
EEPGD                             00000007
ENDP0                             00000003
ENDP1                             00000004
ENDP2                             00000005
ENDP3                             00000006
EPCONDIS                          00000003
EPHSHK                            00000004
EPINEN                            00000001
EPOUTEN                           00000002
EPSTALL                           00000000
FAST                              00000001
FERR                              00000002
FLTS                              00000002
FREE                              00000004
FRM0                              00000000
FRM1                              00000001
FRM10                             00000002
FRM2                              00000002
FRM3                              00000003
FRM4                              00000004
FRM5                              00000005
FRM6                              00000006
FRM7                              00000007
FRM8                              00000000
FRM9                              00000001
FSEN                              00000002
FSR0                              00000000
FSR0H                             00000FEA
FSR0L                             00000FE9
FSR1                              00000001
FSR1H                             00000FE2
FSR1L                             00000FE1
FSR2                              00000002
FSR2H                             00000FDA
FSR2L                             00000FD9
GCEN                              00000007
GIE                               00000007
GIEH                              00000007
GIEL                              00000006
GIE_GIEH                          00000007
GO                                00000001
GO_DONE                           00000001
GO_NOT_DONE                       00000001
HLVDCON                           00000FD2
HLVDEN                            00000004
HLVDIE                            00000002
MPASM  5.51                  HAZIQPROJECT.ASM   4-23-2021  17:52:02         PAGE 27


SYMBOL TABLE
  LABEL                             VALUE 

HLVDIF                            00000002
HLVDIN                            00000005
HLVDIP                            00000002
HLVDL0                            00000000
HLVDL1                            00000001
HLVDL2                            00000002
HLVDL3                            00000003
I2C_DAT                           00000005
I2C_READ                          00000002
I2C_START                         00000003
I2C_STOP                          00000004
IDLEIE                            00000004
IDLEIF                            00000004
IDLEN                             00000007
INDF0                             00000FEF
INDF1                             00000FE7
INDF2                             00000FDF
INT0                              00000000
INT0E                             00000004
INT0F                             00000001
INT0IE                            00000004
INT0IF                            00000001
INT1                              00000001
INT1E                             00000003
INT1F                             00000000
INT1IE                            00000003
INT1IF                            00000000
INT1IP                            00000006
INT1P                             00000006
INT2                              00000002
INT2E                             00000004
INT2F                             00000001
INT2IE                            00000004
INT2IF                            00000001
INT2IP                            00000007
INT2P                             00000007
INTCON                            00000FF2
INTCON2                           00000FF1
INTCON3                           00000FF0
INTEDG0                           00000006
INTEDG1                           00000005
INTEDG2                           00000004
INTSRC                            00000007
IOFS                              00000002
IPEN                              00000007
IPR1                              00000F9F
IPR2                              00000FA2
IRCF0                             00000004
IRCF1                             00000005
IRCF2                             00000006
IRVST                             00000005
IVRST                             00000005
LATA                              00000F89
MPASM  5.51                  HAZIQPROJECT.ASM   4-23-2021  17:52:02         PAGE 28


SYMBOL TABLE
  LABEL                             VALUE 

LATA0                             00000000
LATA1                             00000001
LATA2                             00000002
LATA3                             00000003
LATA4                             00000004
LATA5                             00000005
LATA6                             00000006
LATB                              00000F8A
LATB0                             00000000
LATB1                             00000001
LATB2                             00000002
LATB3                             00000003
LATB4                             00000004
LATB5                             00000005
LATB6                             00000006
LATB7                             00000007
LATC                              00000F8B
LATC0                             00000000
LATC1                             00000001
LATC2                             00000002
LATC6                             00000006
LATC7                             00000007
LATD                              00000F8C
LATD0                             00000000
LATD1                             00000001
LATD2                             00000002
LATD3                             00000003
LATD4                             00000004
LATD5                             00000005
LATD6                             00000006
LATD7                             00000007
LATE                              00000F8D
LATE0                             00000000
LATE1                             00000001
LATE2                             00000002
LED_ON1                           00000052
LED_ON2                           000000CA
LVDCON                            00000FD2
LVDEN                             00000004
LVDIE                             00000002
LVDIF                             00000002
LVDIN                             00000005
LVDIP                             00000002
LVDL0                             00000000
LVDL1                             00000001
LVDL2                             00000002
LVDL3                             00000003
LVV0                              00000000
LVV1                              00000001
LVV2                              00000002
LVV3                              00000003
MovLEDL                           0000002E
MovLEDR                           00000036
MPASM  5.51                  HAZIQPROJECT.ASM   4-23-2021  17:52:02         PAGE 29


SYMBOL TABLE
  LABEL                             VALUE 

MoveLEDL                          0000001A
MoveLEDR                          00000024
N                                 00000004
NOT_A                             00000005
NOT_ADDRESS                       00000005
NOT_BOR                           00000000
NOT_DONE                          00000001
NOT_IPEN                          00000007
NOT_PD                            00000002
NOT_POR                           00000001
NOT_RBPU                          00000007
NOT_RI                            00000004
NOT_T1SYNC                        00000002
NOT_T3SYNC                        00000002
NOT_TO                            00000003
NOT_W                             00000002
NOT_WRITE                         00000002
OERR                              00000001
OESPP                             00000002
OFFLED                            000000C4
ONLED                             000000B8
OSC2                              00000006
OSCCON                            00000FD3
OSCFIE                            00000007
OSCFIF                            00000007
OSCFIP                            00000007
OSCTUNE                           00000F9B
OSTS                              00000003
OV                                00000003
P                                 00000004
P1A                               00000002
P1M0                              00000006
P1M1                              00000007
PC                                00000FF9
PCFG0                             00000000
PCFG1                             00000001
PCFG2                             00000002
PCFG3                             00000003
PCL                               00000FF9
PCLATH                            00000FFA
PCLATU                            00000FFB
PD                                00000002
PDC0                              00000000
PDC1                              00000001
PDC2                              00000002
PDC3                              00000003
PDC4                              00000004
PDC5                              00000005
PDC6                              00000006
PEIE                              00000006
PEIE_GIEL                         00000006
PEN                               00000002
PGC                               00000006
MPASM  5.51                  HAZIQPROJECT.ASM   4-23-2021  17:52:02         PAGE 30


SYMBOL TABLE
  LABEL                             VALUE 

PGD                               00000007
PGM                               00000005
PIDEE                             00000000
PIDEF                             00000000
PIE1                              00000F9D
PIE2                              00000FA0
PIR1                              00000F9E
PIR2                              00000FA1
PKTDIS                            00000004
PLUSW0                            00000FEB
PLUSW1                            00000FE3
PLUSW2                            00000FDB
POR                               00000001
PORTA                             00000F80
PORTB                             00000F81
PORTC                             00000F82
PORTD                             00000F83
PORTE                             00000F84
POSTDEC0                          00000FED
POSTDEC1                          00000FE5
POSTDEC2                          00000FDD
POSTINC0                          00000FEE
POSTINC1                          00000FE6
POSTINC2                          00000FDE
PPB0                              00000000
PPB1                              00000001
PPBI                              00000001
PPBRST                            00000006
PR2                               00000FCB
PREINC0                           00000FEC
PREINC1                           00000FE4
PREINC2                           00000FDC
PROD                              00000FF3
PRODH                             00000FF4
PRODL                             00000FF3
PRSEN                             00000007
PSA                               00000003
PSSAC0                            00000002
PSSAC1                            00000003
PSSBD0                            00000000
PSSBD1                            00000001
R                                 00000002
RA0                               00000000
RA1                               00000001
RA2                               00000002
RA3                               00000003
RA4                               00000004
RA5                               00000005
RA6                               00000006
RB0                               00000000
RB1                               00000001
RB2                               00000002
RB3                               00000003
MPASM  5.51                  HAZIQPROJECT.ASM   4-23-2021  17:52:02         PAGE 31


SYMBOL TABLE
  LABEL                             VALUE 

RB4                               00000004
RB5                               00000005
RB6                               00000006
RB7                               00000007
RBIE                              00000003
RBIF                              00000000
RBIP                              00000000
RBPU                              00000007
RC0                               00000000
RC1                               00000001
RC2                               00000002
RC4                               00000004
RC5                               00000005
RC6                               00000006
RC7                               00000007
RCEN                              00000003
RCIDL                             00000006
RCIE                              00000005
RCIF                              00000005
RCIP                              00000005
RCMT                              00000006
RCON                              00000FD0
RCREG                             00000FAE
RCSTA                             00000FAB
RD                                00000000
RD0                               00000000
RD1                               00000001
RD16                              00000007
RD2                               00000002
RD3                               00000003
RD4                               00000004
RD5                               00000005
RD6                               00000006
RD7                               00000007
RDPU                              00000007
RDSPP                             00000007
RE0                               00000000
RE1                               00000001
RE2                               00000002
RE3                               00000003
READ_WRITE                        00000002
RESUME                            00000002
RI                                00000004
RSEN                              00000001
RX                                00000007
RX9                               00000006
RX9D                              00000000
RXDTP                             00000005
R_NOT_W                           00000002
R_W                               00000002
S                                 00000003
SBOREN                            00000006
SCKP                              00000004
MPASM  5.51                  HAZIQPROJECT.ASM   4-23-2021  17:52:02         PAGE 32


SYMBOL TABLE
  LABEL                             VALUE 

SCS0                              00000000
SCS1                              00000001
SE0                               00000005
SEN                               00000000
SENDB                             00000003
SMP                               00000007
SOFIE                             00000006
SOFIF                             00000006
SPBRG                             00000FAF
SPBRGH                            00000FB0
SPEN                              00000007
SPP0                              00000000
SPP1                              00000001
SPP2                              00000002
SPP3                              00000003
SPP4                              00000004
SPP5                              00000005
SPP6                              00000006
SPP7                              00000007
SPPBUSY                           00000004
SPPCFG                            00000F63
SPPCON                            00000F65
SPPDATA                           00000F62
SPPEN                             00000000
SPPEPS                            00000F64
SPPIE                             00000007
SPPIF                             00000007
SPPIP                             00000007
SPPOWN                            00000001
SREN                              00000005
SSPADD                            00000FC8
SSPBUF                            00000FC9
SSPCON1                           00000FC6
SSPCON2                           00000FC5
SSPEN                             00000005
SSPIE                             00000003
SSPIF                             00000003
SSPIP                             00000003
SSPM0                             00000000
SSPM1                             00000001
SSPM2                             00000002
SSPM3                             00000003
SSPOV                             00000006
SSPSTAT                           00000FC7
STALLIE                           00000005
STALLIF                           00000005
START                             00000100
STATUS                            00000FD8
STKFUL                            00000007
STKOVF                            00000007
STKPTR                            00000FFC
STKPTR0                           00000000
STKPTR1                           00000001
MPASM  5.51                  HAZIQPROJECT.ASM   4-23-2021  17:52:02         PAGE 33


SYMBOL TABLE
  LABEL                             VALUE 

STKPTR2                           00000002
STKPTR3                           00000003
STKPTR4                           00000004
STKUNF                            00000006
SUSPND                            00000001
SW1                               0000010E
SW2                               00000114
SW3                               0000011A
SWDTE                             00000000
SWDTEN                            00000000
SYNC                              00000004
T08BIT                            00000006
T0CKI                             00000004
T0CON                             00000FD5
T0CS                              00000005
T0IE                              00000005
T0IF                              00000002
T0IP                              00000002
T0PS0                             00000000
T0PS1                             00000001
T0PS2                             00000002
T0SE                              00000004
T13CKI                            00000000
T1CKPS0                           00000004
T1CKPS1                           00000005
T1CON                             00000FCD
T1OSCEN                           00000003
T1OSI                             00000001
T1OSO                             00000000
T1RUN                             00000006
T1SYNC                            00000002
T2CKPS0                           00000000
T2CKPS1                           00000001
T2CON                             00000FCA
T2OUTPS0                          00000003
T2OUTPS1                          00000004
T2OUTPS2                          00000005
T2OUTPS3                          00000006
T3CCP1                            00000003
T3CCP2                            00000006
T3CKPS0                           00000004
T3CKPS1                           00000005
T3CON                             00000FB1
T3NSYNC                           00000002
T3SYNC                            00000002
TABLAT                            00000FF5
TBLPTR                            00000FF6
TBLPTRH                           00000FF7
TBLPTRL                           00000FF6
TBLPTRU                           00000FF8
TMR0                              00000FD6
TMR0H                             00000FD7
TMR0IE                            00000005
MPASM  5.51                  HAZIQPROJECT.ASM   4-23-2021  17:52:02         PAGE 34


SYMBOL TABLE
  LABEL                             VALUE 

TMR0IF                            00000002
TMR0IP                            00000002
TMR0L                             00000FD6
TMR0ON                            00000007
TMR1                              00000FCE
TMR1CS                            00000001
TMR1H                             00000FCF
TMR1IE                            00000000
TMR1IF                            00000000
TMR1IP                            00000000
TMR1L                             00000FCE
TMR1ON                            00000000
TMR2                              00000FCC
TMR2IE                            00000001
TMR2IF                            00000001
TMR2IP                            00000001
TMR2ON                            00000002
TMR3                              00000FB2
TMR3CS                            00000001
TMR3H                             00000FB3
TMR3IE                            00000001
TMR3IF                            00000001
TMR3IP                            00000001
TMR3L                             00000FB2
TMR3ON                            00000000
TO                                00000003
TOS                               00000FFD
TOSH                              00000FFE
TOSL                              00000FFD
TOSU                              00000FFF
TOUTPS0                           00000003
TOUTPS1                           00000004
TOUTPS2                           00000005
TOUTPS3                           00000006
TRISA                             00000F92
TRISA0                            00000000
TRISA1                            00000001
TRISA2                            00000002
TRISA3                            00000003
TRISA4                            00000004
TRISA5                            00000005
TRISA6                            00000006
TRISB                             00000F93
TRISB0                            00000000
TRISB1                            00000001
TRISB2                            00000002
TRISB3                            00000003
TRISB4                            00000004
TRISB5                            00000005
TRISB6                            00000006
TRISB7                            00000007
TRISC                             00000F94
TRISC0                            00000000
MPASM  5.51                  HAZIQPROJECT.ASM   4-23-2021  17:52:02         PAGE 35


SYMBOL TABLE
  LABEL                             VALUE 

TRISC1                            00000001
TRISC2                            00000002
TRISC6                            00000006
TRISC7                            00000007
TRISD                             00000F95
TRISD0                            00000000
TRISD1                            00000001
TRISD2                            00000002
TRISD3                            00000003
TRISD4                            00000004
TRISD5                            00000005
TRISD6                            00000006
TRISD7                            00000007
TRISE                             00000F96
TRISE0                            00000000
TRISE1                            00000001
TRISE2                            00000002
TRMT                              00000001
TRNIE                             00000003
TRNIF                             00000003
TUN0                              00000000
TUN1                              00000001
TUN2                              00000002
TUN3                              00000003
TUN4                              00000004
TX                                00000006
TX9                               00000006
TX9D                              00000000
TXCKP                             00000004
TXEN                              00000005
TXIE                              00000004
TXIF                              00000004
TXIP                              00000004
TXREG                             00000FAD
TXSTA                             00000FAC
UA                                00000001
UADDR                             00000F6E
UCFG                              00000F6F
UCON                              00000F6D
UEIE                              00000F6B
UEIR                              00000F6A
UEP0                              00000F70
UEP1                              00000F71
UEP10                             00000F7A
UEP11                             00000F7B
UEP12                             00000F7C
UEP13                             00000F7D
UEP14                             00000F7E
UEP15                             00000F7F
UEP2                              00000F72
UEP3                              00000F73
UEP4                              00000F74
UEP5                              00000F75
MPASM  5.51                  HAZIQPROJECT.ASM   4-23-2021  17:52:02         PAGE 36


SYMBOL TABLE
  LABEL                             VALUE 

UEP6                              00000F76
UEP7                              00000F77
UEP8                              00000F78
UEP9                              00000F79
UERRIE                            00000001
UERRIF                            00000001
UFRM                              00000F66
UFRMH                             00000F67
UFRML                             00000F66
UIE                               00000F69
UIR                               00000F68
UOEMON                            00000006
UPUEN                             00000004
URSTIE                            00000000
URSTIF                            00000000
USBEN                             00000003
USBIE                             00000005
USBIF                             00000005
USBIP                             00000005
USTAT                             00000F6C
UTEYE                             00000007
UTRDIS                            00000003
VCFG0                             00000004
VCFG1                             00000005
VDIRMAG                           00000007
VREFM                             00000002
VREFP                             00000003
W                                 00000000
WCOL                              00000007
WDTCON                            00000FD1
WR                                00000001
WREG                              00000FE8
WREN                              00000002
WRERR                             00000003
WRSPP                             00000006
WS0                               00000000
WS1                               00000001
WS2                               00000002
WS3                               00000003
WUE                               00000001
Z                                 00000002
_BORV_0_2L                        000000E7
_BORV_1_2L                        000000EF
_BORV_2_2L                        000000F7
_BORV_3_2L                        000000FF
_BOR_OFF_2L                       000000F9
_BOR_ON_2L                        000000FF
_BOR_ON_ACTIVE_2L                 000000FD
_BOR_SOFT_2L                      000000FB
_CCP2MX_OFF_3H                    000000FE
_CCP2MX_ON_3H                     000000FF
_CONFIG1H                         00300001
_CONFIG1L                         00300000
MPASM  5.51                  HAZIQPROJECT.ASM   4-23-2021  17:52:02         PAGE 37


SYMBOL TABLE
  LABEL                             VALUE 

_CONFIG2H                         00300003
_CONFIG2L                         00300002
_CONFIG3H                         00300005
_CONFIG4L                         00300006
_CONFIG5H                         00300009
_CONFIG5L                         00300008
_CONFIG6H                         0030000B
_CONFIG6L                         0030000A
_CONFIG7H                         0030000D
_CONFIG7L                         0030000C
_CP0_OFF_5L                       000000FF
_CP0_ON_5L                        000000FE
_CP1_OFF_5L                       000000FF
_CP1_ON_5L                        000000FD
_CP2_OFF_5L                       000000FF
_CP2_ON_5L                        000000FB
_CP3_OFF_5L                       000000FF
_CP3_ON_5L                        000000F7
_CPB_OFF_5H                       000000FF
_CPB_ON_5H                        000000BF
_CPD_OFF_5H                       000000FF
_CPD_ON_5H                        0000007F
_CPUDIV_OSC1_PLL2_1L              000000E7
_CPUDIV_OSC2_PLL3_1L              000000EF
_CPUDIV_OSC3_PLL4_1L              000000F7
_CPUDIV_OSC4_PLL6_1L              000000FF
_DEBUG_OFF_4L                     000000FF
_DEBUG_ON_4L                      0000007F
_DEVID1                           003FFFFE
_DEVID2                           003FFFFF
_EBTR0_OFF_7L                     000000FF
_EBTR0_ON_7L                      000000FE
_EBTR1_OFF_7L                     000000FF
_EBTR1_ON_7L                      000000FD
_EBTR2_OFF_7L                     000000FF
_EBTR2_ON_7L                      000000FB
_EBTR3_OFF_7L                     000000FF
_EBTR3_ON_7L                      000000F7
_EBTRB_OFF_7H                     000000FF
_EBTRB_ON_7H                      000000BF
_FCMEN_OFF_1H                     000000BF
_FCMEN_ON_1H                      000000FF
_FOSC_ECIO_EC_1H                  000000F4
_FOSC_ECPLLIO_EC_1H               000000F6
_FOSC_ECPLL_EC_1H                 000000F7
_FOSC_EC_EC_1H                    000000F5
_FOSC_HSPLL_HS_1H                 000000FE
_FOSC_HS_1H                       000000FC
_FOSC_INTOSCIO_EC_1H              000000F8
_FOSC_INTOSC_EC_1H                000000F9
_FOSC_INTOSC_HS_1H                000000FB
_FOSC_INTOSC_XT_1H                000000FA
_FOSC_XTPLL_XT_1H                 000000F2
MPASM  5.51                  HAZIQPROJECT.ASM   4-23-2021  17:52:02         PAGE 38


SYMBOL TABLE
  LABEL                             VALUE 

_FOSC_XT_XT_1H                    000000F0
_ICPRT_OFF_4L                     000000DF
_ICPRT_ON_4L                      000000FF
_IDLOC0                           00200000
_IDLOC1                           00200001
_IDLOC2                           00200002
_IDLOC3                           00200003
_IDLOC4                           00200004
_IDLOC5                           00200005
_IDLOC6                           00200006
_IDLOC7                           00200007
_IESO_OFF_1H                      0000007F
_IESO_ON_1H                       000000FF
_LPT1OSC_OFF_3H                   000000FB
_LPT1OSC_ON_3H                    000000FF
_LVP_OFF_4L                       000000FB
_LVP_ON_4L                        000000FF
_MCLRE_OFF_3H                     0000007F
_MCLRE_ON_3H                      000000FF
_PBADEN_OFF_3H                    000000FD
_PBADEN_ON_3H                     000000FF
_PLLDIV_10_1L                     000000FE
_PLLDIV_12_1L                     000000FF
_PLLDIV_1_1L                      000000F8
_PLLDIV_2_1L                      000000F9
_PLLDIV_3_1L                      000000FA
_PLLDIV_4_1L                      000000FB
_PLLDIV_5_1L                      000000FC
_PLLDIV_6_1L                      000000FD
_PWRT_OFF_2L                      000000FF
_PWRT_ON_2L                       000000FE
_STVREN_OFF_4L                    000000FE
_STVREN_ON_4L                     000000FF
_USBDIV_1_1L                      000000DF
_USBDIV_2_1L                      000000FF
_VREGEN_OFF_2L                    000000DF
_VREGEN_ON_2L                     000000FF
_WDTPS_1024_2H                    000000F5
_WDTPS_128_2H                     000000EF
_WDTPS_16384_2H                   000000FD
_WDTPS_16_2H                      000000E9
_WDTPS_1_2H                       000000E1
_WDTPS_2048_2H                    000000F7
_WDTPS_256_2H                     000000F1
_WDTPS_2_2H                       000000E3
_WDTPS_32768_2H                   000000FF
_WDTPS_32_2H                      000000EB
_WDTPS_4096_2H                    000000F9
_WDTPS_4_2H                       000000E5
_WDTPS_512_2H                     000000F3
_WDTPS_64_2H                      000000ED
_WDTPS_8192_2H                    000000FB
_WDTPS_8_2H                       000000E7
MPASM  5.51                  HAZIQPROJECT.ASM   4-23-2021  17:52:02         PAGE 39


SYMBOL TABLE
  LABEL                             VALUE 

_WDT_OFF_2H                       000000FE
_WDT_ON_2H                        000000FF
_WRT0_OFF_6L                      000000FF
_WRT0_ON_6L                       000000FE
_WRT1_OFF_6L                      000000FF
_WRT1_ON_6L                       000000FD
_WRT2_OFF_6L                      000000FF
_WRT2_ON_6L                       000000FB
_WRT3_OFF_6L                      000000FF
_WRT3_ON_6L                       000000F7
_WRTB_OFF_6H                      000000FF
_WRTB_ON_6H                       000000BF
_WRTC_OFF_6H                      000000FF
_WRTC_ON_6H                       000000DF
_WRTD_OFF_6H                      000000FF
_WRTD_ON_6H                       0000007F
_XINST_OFF_4L                     000000BF
_XINST_ON_4L                      000000FF
__18F4550                         00000001
__DEBUG                           1
dup_nop                           
i                                 000000F7
loop_cnt1                         00000000
loop_cnt2                         00000001

Errors   :     0
Warnings :     0 reported,     0 suppressed
Messages :     0 reported,     0 suppressed

